<?xml version="1.0" encoding="UTF-8"?>
<!-- Generated by org.testng.reporters.JUnitReportReporter -->
<testsuite hostname="DESKTOP-VM1NIC2" failures="0" tests="3" name="sample.Sample1" time="0.031" errors="0" timestamp="2024-08-27T15:40:48 IST" skipped="0">
  <testcase classname="sample.Sample1" name="createUser" time="0.024"/>
  <system-out/>
  <testcase classname="sample.Sample1" name="deletUser" time="0.004"/>
  <system-out/>
  <testcase classname="sample.Sample1" name="modifyUser" time="0.003"/>
  <system-out/>
</testsuite> <!-- sample.Sample1 -->
