<?xml version="1.0" encoding="UTF-8"?>
<!-- Generated by org.testng.reporters.JUnitReportReporter -->
<testsuite hostname="DESKTOP-VM1NIC2" failures="0" tests="1" name="tc_Repository.LE_03" time="34.712" errors="0" timestamp="2024-08-30T09:18:28 IST" skipped="0">
  <testcase classname="tc_Repository.LE_03" name="le_03Case" time="34.712"/>
  <system-out/>
</testsuite> <!-- tc_Repository.LE_03 -->
