<?xml version="1.0" encoding="UTF-8"?>
<!-- Generated by org.testng.reporters.JUnitReportReporter -->
<testsuite hostname="DESKTOP-VM1NIC2" failures="0" tests="7" name="sample.Sample2" time="0.032" errors="0" timestamp="2024-08-27T15:47:21 IST" skipped="0">
  <testcase classname="sample.Sample2" name="createUser" time="0.001"/>
  <system-out/>
  <testcase classname="sample.Sample2" name="createUser" time="0.002"/>
  <system-out/>
  <testcase classname="sample.Sample2" name="createUser" time="0.003"/>
  <system-out/>
  <testcase classname="sample.Sample2" name="createUser" time="0.018"/>
  <system-out/>
  <testcase classname="sample.Sample2" name="createUser" time="0.002"/>
  <system-out/>
  <testcase classname="sample.Sample2" name="modifyUser" time="0.003"/>
  <system-out/>
  <testcase classname="sample.Sample2" name="deletUser" time="0.003"/>
  <system-out/>
</testsuite> <!-- sample.Sample2 -->
