<?xml version="1.0" encoding="UTF-8"?>
<!-- Generated by org.testng.reporters.JUnitReportReporter -->
<testsuite hostname="DESKTOP-VM1NIC2" failures="0" tests="1" name="sample.Sample3" time="0.028" errors="0" timestamp="2024-08-27T15:51:01 IST" skipped="0">
  <testcase classname="sample.Sample3" name="createUser" time="0.028"/>
  <system-out/>
</testsuite> <!-- sample.Sample3 -->
