<?xml version="1.0" encoding="UTF-8"?>
<!-- Generated by org.testng.reporters.JUnitReportReporter -->
<testsuite hostname="DESKTOP-VM1NIC2" failures="0" tests="2" name="sample.SoftAssertSAndC" time="0.042" errors="0" timestamp="2024-08-28T09:58:34 IST" skipped="0">
  <testcase classname="sample.SoftAssertSAndC" name="softAssertStrictComparison" time="0.004"/>
  <system-out/>
  <testcase classname="sample.SoftAssertSAndC" name="containsLevelComparison" time="0.038"/>
  <system-out/>
</testsuite> <!-- sample.SoftAssertSAndC -->
