<?xml version="1.0" encoding="UTF-8"?>
<!-- Generated by org.testng.reporters.JUnitReportReporter -->
<testsuite hostname="DESKTOP-VM1NIC2" failures="0" tests="1" name="tc_Repository.ORG_03" time="22.941" errors="0" timestamp="2024-08-30T10:44:25 IST" skipped="0">
  <testcase classname="tc_Repository.ORG_03" name="org_04Case" time="22.941"/>
  <system-out/>
</testsuite> <!-- tc_Repository.ORG_03 -->
