<?xml version="1.0" encoding="UTF-8"?>
<!-- Generated by org.testng.reporters.JUnitReportReporter -->
<testsuite hostname="DESKTOP-VM1NIC2" failures="0" tests="1" name="tc_Repository.ORG_02" time="24.834" errors="0" timestamp="2024-08-30T10:44:25 IST" skipped="0">
  <testcase classname="tc_Repository.ORG_02" name="org_04Case" time="24.834"/>
  <system-out/>
</testsuite> <!-- tc_Repository.ORG_02 -->
