<?xml version="1.0" encoding="UTF-8"?>
<!-- Generated by org.testng.reporters.JUnitReportReporter -->
<testsuite hostname="DESKTOP-VM1NIC2" failures="0" tests="2" name="sample.HardAssertSAndC" time="0.045" errors="0" timestamp="2024-08-28T09:53:13 IST" skipped="0">
  <testcase classname="sample.HardAssertSAndC" name="containsLevelComparison" time="0.037"/>
  <system-out/>
  <testcase classname="sample.HardAssertSAndC" name="hardAssertStrictComaprison" time="0.008"/>
  <system-out/>
</testsuite> <!-- sample.HardAssertSAndC -->
