<?xml version="1.0" encoding="UTF-8"?>
<!-- Generated by org.testng.reporters.JUnitReportReporter -->
<testsuite hostname="DESKTOP-VM1NIC2" failures="0" tests="1" name="tc_Repository.LE_02" time="30.591" errors="0" timestamp="2024-08-29T15:31:42 IST" skipped="0">
  <testcase classname="tc_Repository.LE_02" name="le_02Case" time="30.591"/>
  <system-out/>
</testsuite> <!-- tc_Repository.LE_02 -->
